Arguments: 
  /Users/petrporobov/.nvm/versions/node/v16.12.0/bin/node /Users/petrporobov/.nvm/versions/node/v16.12.0/bin/yarn add @upala/unique-human

PATH: 
  /Users/petrporobov/.nvm/versions/node/v16.12.0/bin:/opt/homebrew/bin:/opt/homebrew/sbin:/usr/local/bin:/usr/bin:/bin:/usr/sbin:/sbin

Yarn version: 
  1.22.17

Node version: 
  16.12.0

Platform: 
  darwin arm64

Trace: 
  Error: https://registry.yarnpkg.com/@upala%2funique-human: Not found
      at Request.params.callback [as _callback] (/Users/petrporobov/.nvm/versions/node/v16.12.0/lib/node_modules/yarn/lib/cli.js:67029:18)
      at Request.self.callback (/Users/petrporobov/.nvm/versions/node/v16.12.0/lib/node_modules/yarn/lib/cli.js:140883:22)
      at Request.emit (node:events:390:28)
      at Request.<anonymous> (/Users/petrporobov/.nvm/versions/node/v16.12.0/lib/node_modules/yarn/lib/cli.js:141855:10)
      at Request.emit (node:events:390:28)
      at IncomingMessage.<anonymous> (/Users/petrporobov/.nvm/versions/node/v16.12.0/lib/node_modules/yarn/lib/cli.js:141777:12)
      at Object.onceWrapper (node:events:509:28)
      at IncomingMessage.emit (node:events:402:35)
      at endReadableNT (node:internal/streams/readable:1343:12)
      at processTicksAndRejections (node:internal/process/task_queues:83:21)

npm manifest: 
  {
    "name": "@upala/bot-manager-cli",
    "version": "0.1.0",
    "description": "\"CLI tool for Upala bot managers\"",
    "main": "index.js",
    "repository": "https://github.com/upala-digital-identity/bot-manager-cli",
    "author": "Petr Porobov",
    "license": "MIT",
    "private": false,
    "dependencies": {
      "commander": "^9.1.0"
    }
  }

yarn manifest: 
  No manifest

Lockfile: 
  # THIS IS AN AUTOGENERATED FILE. DO NOT EDIT THIS FILE DIRECTLY.
  # yarn lockfile v1
  
  
  commander@^9.1.0:
    version "9.1.0"
    resolved "https://registry.yarnpkg.com/commander/-/commander-9.1.0.tgz#a6b263b2327f2e188c6402c42623327909f2dbec"
    integrity sha512-i0/MaqBtdbnJ4XQs4Pmyb+oFQl+q0lsAmokVUH92SlSw4fkeAcG3bVon+Qt7hmtF+u3Het6o4VgrcY3qAoEB6w==
